-> State: 1.1 <-
  h7.time = 0
  h7.reset = 0
  h11.time = 0
  h11.reset = 0
  egg = 0
  cooking = 0
  egg_overcooked = 0
  egg_ready = 0
  event = 0
  h7.expired = 0
  h11.expired = 0
-> Input: 1.2 <-
-> State: 1.2 <-
  h7.time = 1
  h11.time = 1
-> Input: 1.3 <-
-> State: 1.3 <-
  h7.time = 2
  h11.time = 2
-> Input: 1.4 <-
-> State: 1.4 <-
  h7.time = 3
  h11.time = 3
-> Input: 1.5 <-
-> State: 1.5 <-
  h7.time = 4
  h11.time = 4
-> Input: 1.6 <-
-> State: 1.6 <-
  h7.time = 5
  h11.time = 5
-> Input: 1.7 <-
-> State: 1.7 <-
  h7.time = 6
  h11.time = 6
  event = 1
  h7.expired = 1
-> Input: 1.8 <-
-> State: 1.8 <-
  h7.time = 0
  h11.time = 7
  cooking = 1
  event = 0
  h7.expired = 0
-> Input: 1.9 <-
-> State: 1.9 <-
  h7.time = 1
  h11.time = 8
  egg = 1
-> Input: 1.10 <-
-> State: 1.10 <-
  h7.time = 2
  h11.time = 9
  egg = 2
-> Input: 1.11 <-
-> State: 1.11 <-
  h7.time = 3
  h11.time = 10
  egg = 3
  event = 1
  h11.expired = 1
-> Input: 1.12 <-
-> State: 1.12 <-
  h7.time = 4
  h11.time = 0
  egg = 4
  event = 0
  h11.expired = 0
-> Input: 1.13 <-
-> State: 1.13 <-
  h7.time = 5
  h11.time = 1
  egg = 5
-> Input: 1.14 <-
-> State: 1.14 <-
  h7.time = 6
  h11.time = 2
  egg = 6
  event = 1
  h7.expired = 1
-> Input: 1.15 <-
-> State: 1.15 <-
  h7.time = 0
  h11.time = 3
  h11.reset = 1
  egg = 7
  event = 0
  h7.expired = 0
-> Input: 1.16 <-
-> State: 1.16 <-
  h7.time = 1
  h11.time = 0
  egg = 8
-> Input: 1.17 <-
-> State: 1.17 <-
  h7.time = 2
  egg = 9
-> Input: 1.18 <-
-> State: 1.18 <-
  h7.time = 3
  egg = 10
-> Input: 1.19 <-
-> State: 1.19 <-
  h7.time = 4
  egg = 11
-> Input: 1.20 <-
-> State: 1.20 <-
  h7.time = 5
  egg = 12
-> Input: 1.21 <-
-> State: 1.21 <-
  h7.time = 6
  egg = 13
  event = 1
  h7.expired = 1
-> Input: 1.22 <-
-> State: 1.22 <-
  h7.time = 0
  h11.reset = 0
  egg = 14
  event = 0
  h7.expired = 0
-> Input: 1.23 <-
-> State: 1.23 <-
  h7.time = 1
  h11.time = 1
  egg = 15
-> Input: 1.24 <-
-> State: 1.24 <-
  h7.time = 2
  h11.time = 2
  egg = 16
-> Input: 1.25 <-
-> State: 1.25 <-
  h7.time = 3
  h11.time = 3
  egg = 17
-> Input: 1.26 <-
-> State: 1.26 <-
  h7.time = 4
  h11.time = 4
  egg = 18
-> Input: 1.27 <-
-> State: 1.27 <-
  h7.time = 5
  h11.time = 5
  egg = 19
-> Input: 1.28 <-
-> State: 1.28 <-
  h7.time = 6
  h11.time = 6
  egg = 20
  event = 1
  h7.expired = 1
-> Input: 1.29 <-
-> State: 1.29 <-
  h7.time = 0
  h11.time = 7
  egg = 21
  cooking = 0
  event = 0
  h7.expired = 0
-> Input: 1.30 <-
-> State: 1.30 <-
  h7.time = 1
  h11.time = 8
-> Input: 1.31 <-
-> State: 1.31 <-
  h7.time = 2
  h11.time = 9
-> Input: 1.32 <-
-> State: 1.32 <-
  h7.time = 3
  h11.time = 10
  event = 1
  h11.expired = 1
-> Input: 1.33 <-
-> State: 1.33 <-
  h7.time = 4
  h11.time = 0
  cooking = 1
  event = 0
  h11.expired = 0
-> Input: 1.34 <-
-> State: 1.34 <-
  h7.time = 5
  h11.time = 1
  egg = 22
-> Input: 1.35 <-
-> State: 1.35 <-
  h7.time = 6
  h11.time = 2
  egg = 23
  event = 1
  h7.expired = 1
-> Input: 1.36 <-
-> State: 1.36 <-
  h7.time = 0
  h7.reset = 1
  h11.time = 3
  h11.reset = 1
  egg = 24
  cooking = 0
  egg_ready = 1
  event = 0
  h7.expired = 0
